<?xml version="1.0" encoding="UTF-8" ?>
<testsuites>

  <testsuite name="pf.validate: pf.validate.isEmailField:" errors="0" tests="4" failures="4" time="0.003" timestamp="2014-01-27T12:51:31.702Z">
    
      <testcase assertions="1" classname="pf.validate: pf.validate.isEmailField:" name="is a function" time="0.001">
        
          <failure>ReferenceError: Can't find variable: pf in file:///Users/richquick/code/prefab/app/assets/javascripts/_prefab/specs/validate_spec.js (line 62)</failure>
        
      </testcase>
    
      <testcase assertions="1" classname="pf.validate: pf.validate.isEmailField:" name="should pass for email input tag" time="0.001">
        
          <failure>ReferenceError: Can't find variable: pf in file:///Users/richquick/code/prefab/app/assets/javascripts/_prefab/specs/validate_spec.js (line 65)</failure>
        
      </testcase>
    
      <testcase assertions="1" classname="pf.validate: pf.validate.isEmailField:" name="should fail for text input tag" time="0">
        
          <failure>ReferenceError: Can't find variable: pf in file:///Users/richquick/code/prefab/app/assets/javascripts/_prefab/specs/validate_spec.js (line 68)</failure>
        
      </testcase>
    
      <testcase assertions="1" classname="pf.validate: pf.validate.isEmailField:" name="should fail for non input tag with type=email" time="0">
        
          <failure>ReferenceError: Can't find variable: pf in file:///Users/richquick/code/prefab/app/assets/javascripts/_prefab/specs/validate_spec.js (line 71)</failure>
        
      </testcase>
    
  </testsuite>

</testsuites>