<?xml version="1.0" encoding="UTF-8" ?>
<testsuites>

  <testsuite name="pf.common: pf.common.isInteger:" errors="0" tests="6" failures="6" time="0.004" timestamp="2014-01-27T12:51:31.643Z">
    
      <testcase assertions="1" classname="pf.common: pf.common.isInteger:" name="is a function" time="0.001">
        
          <failure>ReferenceError: Can't find variable: pf in file:///Users/richquick/code/prefab/app/assets/javascripts/_prefab/specs/common_spec.js (line 130)</failure>
        
      </testcase>
    
      <testcase assertions="1" classname="pf.common: pf.common.isInteger:" name="should fail for letters" time="0">
        
          <failure>ReferenceError: Can't find variable: pf in file:///Users/richquick/code/prefab/app/assets/javascripts/_prefab/specs/common_spec.js (line 133)</failure>
        
      </testcase>
    
      <testcase assertions="1" classname="pf.common: pf.common.isInteger:" name="should pass for integers" time="0">
        
          <failure>ReferenceError: Can't find variable: pf in file:///Users/richquick/code/prefab/app/assets/javascripts/_prefab/specs/common_spec.js (line 136)</failure>
        
      </testcase>
    
      <testcase assertions="1" classname="pf.common: pf.common.isInteger:" name="should fail for decimals" time="0.001">
        
          <failure>ReferenceError: Can't find variable: pf in file:///Users/richquick/code/prefab/app/assets/javascripts/_prefab/specs/common_spec.js (line 139)</failure>
        
      </testcase>
    
      <testcase assertions="1" classname="pf.common: pf.common.isInteger:" name="should fail for empty string" time="0.001">
        
          <failure>ReferenceError: Can't find variable: pf in file:///Users/richquick/code/prefab/app/assets/javascripts/_prefab/specs/common_spec.js (line 142)</failure>
        
      </testcase>
    
      <testcase assertions="1" classname="pf.common: pf.common.isInteger:" name="should fail for string with just spaces" time="0">
        
          <failure>ReferenceError: Can't find variable: pf in file:///Users/richquick/code/prefab/app/assets/javascripts/_prefab/specs/common_spec.js (line 145)</failure>
        
      </testcase>
    
  </testsuite>

</testsuites>