<?xml version="1.0" encoding="UTF-8" ?>
<testsuites>

  <testsuite name="pf.validate: pf.validate.isPasswordField:" errors="0" tests="4" failures="4" time="0.003" timestamp="2014-01-27T12:51:31.715Z">
    
      <testcase assertions="1" classname="pf.validate: pf.validate.isPasswordField:" name="is a function" time="0">
        
          <failure>ReferenceError: Can't find variable: pf in file:///Users/richquick/code/prefab/app/assets/javascripts/_prefab/specs/validate_spec.js (line 111)</failure>
        
      </testcase>
    
      <testcase assertions="1" classname="pf.validate: pf.validate.isPasswordField:" name="should pass for password input tag" time="0.001">
        
          <failure>ReferenceError: Can't find variable: pf in file:///Users/richquick/code/prefab/app/assets/javascripts/_prefab/specs/validate_spec.js (line 114)</failure>
        
      </testcase>
    
      <testcase assertions="1" classname="pf.validate: pf.validate.isPasswordField:" name="should fail for text input tag" time="0">
        
          <failure>ReferenceError: Can't find variable: pf in file:///Users/richquick/code/prefab/app/assets/javascripts/_prefab/specs/validate_spec.js (line 117)</failure>
        
      </testcase>
    
      <testcase assertions="1" classname="pf.validate: pf.validate.isPasswordField:" name="should fail for non input tag with type=email" time="0">
        
          <failure>ReferenceError: Can't find variable: pf in file:///Users/richquick/code/prefab/app/assets/javascripts/_prefab/specs/validate_spec.js (line 120)</failure>
        
      </testcase>
    
  </testsuite>

</testsuites>