<?xml version="1.0" encoding="UTF-8" ?>
<testsuites>

  <testsuite name="pf.validate: pf.validate.validatePhone:" errors="0" tests="5" failures="5" time="0.003" timestamp="2014-01-27T12:51:31.760Z">
    
      <testcase assertions="1" classname="pf.validate: pf.validate.validatePhone:" name="is a function" time="0">
        
          <failure>ReferenceError: Can't find variable: pf in file:///Users/richquick/code/prefab/app/assets/javascripts/_prefab/specs/validate_spec.js (line 356)</failure>
        
      </testcase>
    
      <testcase assertions="1" classname="pf.validate: pf.validate.validatePhone:" name="should pass for valid phone numbers" time="0.001">
        
          <failure>ReferenceError: Can't find variable: pf in file:///Users/richquick/code/prefab/app/assets/javascripts/_prefab/specs/validate_spec.js (line 359)</failure>
        
      </testcase>
    
      <testcase assertions="1" classname="pf.validate: pf.validate.validatePhone:" name="should pass for empty value" time="0">
        
          <failure>ReferenceError: Can't find variable: pf in file:///Users/richquick/code/prefab/app/assets/javascripts/_prefab/specs/validate_spec.js (line 362)</failure>
        
      </testcase>
    
      <testcase assertions="1" classname="pf.validate: pf.validate.validatePhone:" name="should pass for value with just spaces" time="0">
        
          <failure>ReferenceError: Can't find variable: pf in file:///Users/richquick/code/prefab/app/assets/javascripts/_prefab/specs/validate_spec.js (line 365)</failure>
        
      </testcase>
    
      <testcase assertions="1" classname="pf.validate: pf.validate.validatePhone:" name="should fail for invalid phone numbers" time="0">
        
          <failure>ReferenceError: Can't find variable: pf in file:///Users/richquick/code/prefab/app/assets/javascripts/_prefab/specs/validate_spec.js (line 368)</failure>
        
      </testcase>
    
  </testsuite>

</testsuites>