<?xml version="1.0" encoding="UTF-8" ?>
<testsuites>

  <testsuite name="pf.validate: pf.validate.isValidEmailField:" errors="0" tests="4" failures="4" time="0.003" timestamp="2014-01-27T12:51:31.718Z">
    
      <testcase assertions="1" classname="pf.validate: pf.validate.isValidEmailField:" name="is a function" time="0.001">
        
          <failure>ReferenceError: Can't find variable: pf in file:///Users/richquick/code/prefab/app/assets/javascripts/_prefab/specs/validate_spec.js (line 125)</failure>
        
      </testcase>
    
      <testcase assertions="1" classname="pf.validate: pf.validate.isValidEmailField:" name="should pass for email input tag with valid email" time="0">
        
          <failure>ReferenceError: Can't find variable: pf in file:///Users/richquick/code/prefab/app/assets/javascripts/_prefab/specs/validate_spec.js (line 128)</failure>
        
      </testcase>
    
      <testcase assertions="1" classname="pf.validate: pf.validate.isValidEmailField:" name="should pass for text input tag with valid email" time="0">
        
          <failure>ReferenceError: Can't find variable: pf in file:///Users/richquick/code/prefab/app/assets/javascripts/_prefab/specs/validate_spec.js (line 131)</failure>
        
      </testcase>
    
      <testcase assertions="1" classname="pf.validate: pf.validate.isValidEmailField:" name="should fail for email input tag with invalid email" time="0.001">
        
          <failure>ReferenceError: Can't find variable: pf in file:///Users/richquick/code/prefab/app/assets/javascripts/_prefab/specs/validate_spec.js (line 134)</failure>
        
      </testcase>
    
  </testsuite>

</testsuites>