<?xml version="1.0" encoding="UTF-8" ?>
<testsuites>

  <testsuite name="pf.common: pf.common.isFieldEmpty:" errors="0" tests="5" failures="5" time="0.004" timestamp="2014-01-27T12:51:31.674Z">
    
      <testcase assertions="1" classname="pf.common: pf.common.isFieldEmpty:" name="is a function" time="0.001">
        
          <failure>ReferenceError: Can't find variable: pf in file:///Users/richquick/code/prefab/app/assets/javascripts/_prefab/specs/common_spec.js (line 262)</failure>
        
      </testcase>
    
      <testcase assertions="1" classname="pf.common: pf.common.isFieldEmpty:" name="should pass if element has empty value" time="0">
        
          <failure>ReferenceError: Can't find variable: pf in file:///Users/richquick/code/prefab/app/assets/javascripts/_prefab/specs/common_spec.js (line 265)</failure>
        
      </testcase>
    
      <testcase assertions="1" classname="pf.common: pf.common.isFieldEmpty:" name="should pass if element has just spaces in value" time="0">
        
          <failure>ReferenceError: Can't find variable: pf in file:///Users/richquick/code/prefab/app/assets/javascripts/_prefab/specs/common_spec.js (line 268)</failure>
        
      </testcase>
    
      <testcase assertions="1" classname="pf.common: pf.common.isFieldEmpty:" name="should pass if element has no value attribute" time="0.001">
        
          <failure>ReferenceError: Can't find variable: pf in file:///Users/richquick/code/prefab/app/assets/javascripts/_prefab/specs/common_spec.js (line 271)</failure>
        
      </testcase>
    
      <testcase assertions="1" classname="pf.common: pf.common.isFieldEmpty:" name="should fail if element has a populated value" time="0">
        
          <failure>ReferenceError: Can't find variable: pf in file:///Users/richquick/code/prefab/app/assets/javascripts/_prefab/specs/common_spec.js (line 274)</failure>
        
      </testcase>
    
  </testsuite>

</testsuites>