<?xml version="1.0" encoding="UTF-8" ?>
<testsuites>

  <testsuite name="pf.common: pf.common.isValidID:" errors="0" tests="11" failures="11" time="0.006" timestamp="2014-01-27T12:51:31.660Z">
    
      <testcase assertions="1" classname="pf.common: pf.common.isValidID:" name="is a function" time="0">
        
          <failure>ReferenceError: Can't find variable: pf in file:///Users/richquick/code/prefab/app/assets/javascripts/_prefab/specs/common_spec.js (line 205)</failure>
        
      </testcase>
    
      <testcase assertions="1" classname="pf.common: pf.common.isValidID:" name="should pass for strings containing letters" time="0.001">
        
          <failure>ReferenceError: Can't find variable: pf in file:///Users/richquick/code/prefab/app/assets/javascripts/_prefab/specs/common_spec.js (line 208)</failure>
        
      </testcase>
    
      <testcase assertions="1" classname="pf.common: pf.common.isValidID:" name="should pass for strings containing numbers" time="0">
        
          <failure>ReferenceError: Can't find variable: pf in file:///Users/richquick/code/prefab/app/assets/javascripts/_prefab/specs/common_spec.js (line 211)</failure>
        
      </testcase>
    
      <testcase assertions="1" classname="pf.common: pf.common.isValidID:" name="should pass for strings containing _" time="0">
        
          <failure>ReferenceError: Can't find variable: pf in file:///Users/richquick/code/prefab/app/assets/javascripts/_prefab/specs/common_spec.js (line 214)</failure>
        
      </testcase>
    
      <testcase assertions="1" classname="pf.common: pf.common.isValidID:" name="should pass for strings containing -" time="0">
        
          <failure>ReferenceError: Can't find variable: pf in file:///Users/richquick/code/prefab/app/assets/javascripts/_prefab/specs/common_spec.js (line 217)</failure>
        
      </testcase>
    
      <testcase assertions="1" classname="pf.common: pf.common.isValidID:" name="should fail for empty string" time="0">
        
          <failure>ReferenceError: Can't find variable: pf in file:///Users/richquick/code/prefab/app/assets/javascripts/_prefab/specs/common_spec.js (line 220)</failure>
        
      </testcase>
    
      <testcase assertions="1" classname="pf.common: pf.common.isValidID:" name="should fail for strings starting with a number" time="0">
        
          <failure>ReferenceError: Can't find variable: pf in file:///Users/richquick/code/prefab/app/assets/javascripts/_prefab/specs/common_spec.js (line 223)</failure>
        
      </testcase>
    
      <testcase assertions="1" classname="pf.common: pf.common.isValidID:" name="should fail for strings starting with a _" time="0">
        
          <failure>ReferenceError: Can't find variable: pf in file:///Users/richquick/code/prefab/app/assets/javascripts/_prefab/specs/common_spec.js (line 226)</failure>
        
      </testcase>
    
      <testcase assertions="1" classname="pf.common: pf.common.isValidID:" name="should fail for strings starting with a -" time="0.001">
        
          <failure>ReferenceError: Can't find variable: pf in file:///Users/richquick/code/prefab/app/assets/javascripts/_prefab/specs/common_spec.js (line 229)</failure>
        
      </testcase>
    
      <testcase assertions="1" classname="pf.common: pf.common.isValidID:" name="should fail for strings starting with a #" time="0">
        
          <failure>ReferenceError: Can't find variable: pf in file:///Users/richquick/code/prefab/app/assets/javascripts/_prefab/specs/common_spec.js (line 232)</failure>
        
      </testcase>
    
      <testcase assertions="1" classname="pf.common: pf.common.isValidID:" name="should fail for strings containing characters other than letters, numbers, - and _" time="0">
        
          <failure>ReferenceError: Can't find variable: pf in file:///Users/richquick/code/prefab/app/assets/javascripts/_prefab/specs/common_spec.js (line 235)</failure>
        
      </testcase>
    
  </testsuite>

</testsuites>