<?xml version="1.0" encoding="UTF-8" ?>
<testsuites>

  <testsuite name="pf.validate: pf.validate.validateEmail:" errors="0" tests="5" failures="5" time="0.003" timestamp="2014-01-27T12:51:31.756Z">
    
      <testcase assertions="1" classname="pf.validate: pf.validate.validateEmail:" name="is a function" time="0">
        
          <failure>ReferenceError: Can't find variable: pf in file:///Users/richquick/code/prefab/app/assets/javascripts/_prefab/specs/validate_spec.js (line 339)</failure>
        
      </testcase>
    
      <testcase assertions="1" classname="pf.validate: pf.validate.validateEmail:" name="should pass for valid email addresses" time="0.001">
        
          <failure>ReferenceError: Can't find variable: pf in file:///Users/richquick/code/prefab/app/assets/javascripts/_prefab/specs/validate_spec.js (line 342)</failure>
        
      </testcase>
    
      <testcase assertions="1" classname="pf.validate: pf.validate.validateEmail:" name="should pass for empty value" time="0">
        
          <failure>ReferenceError: Can't find variable: pf in file:///Users/richquick/code/prefab/app/assets/javascripts/_prefab/specs/validate_spec.js (line 345)</failure>
        
      </testcase>
    
      <testcase assertions="1" classname="pf.validate: pf.validate.validateEmail:" name="should pass for value with just spaces" time="0">
        
          <failure>ReferenceError: Can't find variable: pf in file:///Users/richquick/code/prefab/app/assets/javascripts/_prefab/specs/validate_spec.js (line 348)</failure>
        
      </testcase>
    
      <testcase assertions="1" classname="pf.validate: pf.validate.validateEmail:" name="should fail for invalid email addresses" time="0.001">
        
          <failure>ReferenceError: Can't find variable: pf in file:///Users/richquick/code/prefab/app/assets/javascripts/_prefab/specs/validate_spec.js (line 351)</failure>
        
      </testcase>
    
  </testsuite>

</testsuites>