<?xml version="1.0" encoding="UTF-8" ?>
<testsuites>

  <testsuite name="pf.common: pf.common.isValidPhoneNumber:" errors="0" tests="8" failures="8" time="0.004" timestamp="2014-01-27T12:51:31.653Z">
    
      <testcase assertions="1" classname="pf.common: pf.common.isValidPhoneNumber:" name="is a function" time="0">
        
          <failure>ReferenceError: Can't find variable: pf in file:///Users/richquick/code/prefab/app/assets/javascripts/_prefab/specs/common_spec.js (line 179)</failure>
        
      </testcase>
    
      <testcase assertions="1" classname="pf.common: pf.common.isValidPhoneNumber:" name="should pass for string of numbers" time="0.001">
        
          <failure>ReferenceError: Can't find variable: pf in file:///Users/richquick/code/prefab/app/assets/javascripts/_prefab/specs/common_spec.js (line 182)</failure>
        
      </testcase>
    
      <testcase assertions="1" classname="pf.common: pf.common.isValidPhoneNumber:" name="should pass for + at front" time="0">
        
          <failure>ReferenceError: Can't find variable: pf in file:///Users/richquick/code/prefab/app/assets/javascripts/_prefab/specs/common_spec.js (line 185)</failure>
        
      </testcase>
    
      <testcase assertions="1" classname="pf.common: pf.common.isValidPhoneNumber:" name="should pass for brackets" time="0.001">
        
          <failure>ReferenceError: Can't find variable: pf in file:///Users/richquick/code/prefab/app/assets/javascripts/_prefab/specs/common_spec.js (line 188)</failure>
        
      </testcase>
    
      <testcase assertions="1" classname="pf.common: pf.common.isValidPhoneNumber:" name="should pass for dashes" time="0">
        
          <failure>ReferenceError: Can't find variable: pf in file:///Users/richquick/code/prefab/app/assets/javascripts/_prefab/specs/common_spec.js (line 191)</failure>
        
      </testcase>
    
      <testcase assertions="1" classname="pf.common: pf.common.isValidPhoneNumber:" name="should fail for letters" time="0">
        
          <failure>ReferenceError: Can't find variable: pf in file:///Users/richquick/code/prefab/app/assets/javascripts/_prefab/specs/common_spec.js (line 194)</failure>
        
      </testcase>
    
      <testcase assertions="1" classname="pf.common: pf.common.isValidPhoneNumber:" name="should fail for empty string" time="0.001">
        
          <failure>ReferenceError: Can't find variable: pf in file:///Users/richquick/code/prefab/app/assets/javascripts/_prefab/specs/common_spec.js (line 197)</failure>
        
      </testcase>
    
      <testcase assertions="1" classname="pf.common: pf.common.isValidPhoneNumber:" name="should fail for string with just spaces" time="0">
        
          <failure>ReferenceError: Can't find variable: pf in file:///Users/richquick/code/prefab/app/assets/javascripts/_prefab/specs/common_spec.js (line 200)</failure>
        
      </testcase>
    
  </testsuite>

</testsuites>