<?xml version="1.0" encoding="UTF-8" ?>
<testsuites>

  <testsuite name="pf.validate: pf.validate.validateRequiredCheckbox:" errors="0" tests="3" failures="3" time="0.002" timestamp="2014-01-27T12:51:31.752Z">
    
      <testcase assertions="1" classname="pf.validate: pf.validate.validateRequiredCheckbox:" name="is a function" time="0.001">
        
          <failure>ReferenceError: Can't find variable: pf in file:///Users/richquick/code/prefab/app/assets/javascripts/_prefab/specs/validate_spec.js (line 328)</failure>
        
      </testcase>
    
      <testcase assertions="1" classname="pf.validate: pf.validate.validateRequiredCheckbox:" name="should pass for required field that&#x27;s checked" time="0">
        
          <failure>ReferenceError: Can't find variable: pf in file:///Users/richquick/code/prefab/app/assets/javascripts/_prefab/specs/validate_spec.js (line 331)</failure>
        
      </testcase>
    
      <testcase assertions="1" classname="pf.validate: pf.validate.validateRequiredCheckbox:" name="should fail for a required field that&#x27;s not checked" time="0">
        
          <failure>ReferenceError: Can't find variable: pf in file:///Users/richquick/code/prefab/app/assets/javascripts/_prefab/specs/validate_spec.js (line 334)</failure>
        
      </testcase>
    
  </testsuite>

</testsuites>