<?xml version="1.0" encoding="UTF-8" ?>
<testsuites>

  <testsuite name="pf.validate: pf.validate.processErrorMessages:" errors="0" tests="9" failures="9" time="0.01" timestamp="2014-01-27T12:51:31.691Z">
    
      <testcase assertions="1" classname="pf.validate: pf.validate.processErrorMessages:" name="is a function" time="0.001">
        
          <failure>ReferenceError: Can't find variable: pf in file:///Users/richquick/code/prefab/app/assets/javascripts/_prefab/specs/validate_spec.js (line 7)</failure>
        
      </testcase>
    
      <testcase assertions="1" classname="pf.validate: pf.validate.processErrorMessages:" name="should return 1-long as though they were strings" time="0.001">
        
          <failure>ReferenceError: Can't find variable: pf in file:///Users/richquick/code/prefab/app/assets/javascripts/_prefab/specs/validate_spec.js (line 10)</failure>
        
      </testcase>
    
      <testcase assertions="1" classname="pf.validate: pf.validate.processErrorMessages:" name="should capitalize first letter" time="0.001">
        
          <failure>ReferenceError: Can't find variable: pf in file:///Users/richquick/code/prefab/app/assets/javascripts/_prefab/specs/validate_spec.js (line 13)</failure>
        
      </testcase>
    
      <testcase assertions="1" classname="pf.validate: pf.validate.processErrorMessages:" name="should remove full-stops from error messages" time="0">
        
          <failure>ReferenceError: Can't find variable: pf in file:///Users/richquick/code/prefab/app/assets/javascripts/_prefab/specs/validate_spec.js (line 16)</failure>
        
      </testcase>
    
      <testcase assertions="1" classname="pf.validate: pf.validate.processErrorMessages:" name="should join 2-long arrays with and" time="0">
        
          <failure>ReferenceError: Can't find variable: pf in file:///Users/richquick/code/prefab/app/assets/javascripts/_prefab/specs/validate_spec.js (line 19)</failure>
        
      </testcase>
    
      <testcase assertions="1" classname="pf.validate: pf.validate.processErrorMessages:" name="should join 3-long arrays with comma + and" time="0">
        
          <failure>ReferenceError: Can't find variable: pf in file:///Users/richquick/code/prefab/app/assets/javascripts/_prefab/specs/validate_spec.js (line 22)</failure>
        
      </testcase>
    
      <testcase assertions="1" classname="pf.validate: pf.validate.processErrorMessages:" name="should join 4-long arrays with commas + and" time="0.001">
        
          <failure>ReferenceError: Can't find variable: pf in file:///Users/richquick/code/prefab/app/assets/javascripts/_prefab/specs/validate_spec.js (line 25)</failure>
        
      </testcase>
    
      <testcase assertions="1" classname="pf.validate: pf.validate.processErrorMessages:" name="should return the string if input is a string" time="0">
        
          <failure>ReferenceError: Can't find variable: pf in file:///Users/richquick/code/prefab/app/assets/javascripts/_prefab/specs/validate_spec.js (line 28)</failure>
        
      </testcase>
    
      <testcase assertions="1" classname="pf.validate: pf.validate.processErrorMessages:" name="should fail if input is not an array or a string" time="0">
        
          <failure>ReferenceError: Can't find variable: pf in file:///Users/richquick/code/prefab/app/assets/javascripts/_prefab/specs/validate_spec.js (line 31)</failure>
        
      </testcase>
    
  </testsuite>

</testsuites>