<?xml version="1.0" encoding="UTF-8" ?>
<testsuites>

  <testsuite name="pf.validate: pf.validate.isValidPhoneField:" errors="0" tests="4" failures="4" time="0.003" timestamp="2014-01-27T12:51:31.722Z">
    
      <testcase assertions="1" classname="pf.validate: pf.validate.isValidPhoneField:" name="is a function" time="0">
        
          <failure>ReferenceError: Can't find variable: pf in file:///Users/richquick/code/prefab/app/assets/javascripts/_prefab/specs/validate_spec.js (line 139)</failure>
        
      </testcase>
    
      <testcase assertions="1" classname="pf.validate: pf.validate.isValidPhoneField:" name="should pass for phone input tag with valid phone number" time="0.001">
        
          <failure>ReferenceError: Can't find variable: pf in file:///Users/richquick/code/prefab/app/assets/javascripts/_prefab/specs/validate_spec.js (line 142)</failure>
        
      </testcase>
    
      <testcase assertions="1" classname="pf.validate: pf.validate.isValidPhoneField:" name="should pass for text input tag with valid phone number" time="0.001">
        
          <failure>ReferenceError: Can't find variable: pf in file:///Users/richquick/code/prefab/app/assets/javascripts/_prefab/specs/validate_spec.js (line 145)</failure>
        
      </testcase>
    
      <testcase assertions="1" classname="pf.validate: pf.validate.isValidPhoneField:" name="should fail for phone input tag with invalid phone number" time="0">
        
          <failure>ReferenceError: Can't find variable: pf in file:///Users/richquick/code/prefab/app/assets/javascripts/_prefab/specs/validate_spec.js (line 148)</failure>
        
      </testcase>
    
  </testsuite>

</testsuites>