<?xml version="1.0" encoding="UTF-8" ?>
<testsuites>

  <testsuite name="pf.validate: pf.validate.isRequired:" errors="0" tests="3" failures="3" time="0.003" timestamp="2014-01-27T12:51:31.695Z">
    
      <testcase assertions="1" classname="pf.validate: pf.validate.isRequired:" name="is a function" time="0.001">
        
          <failure>ReferenceError: Can't find variable: pf in file:///Users/richquick/code/prefab/app/assets/javascripts/_prefab/specs/validate_spec.js (line 36)</failure>
        
      </testcase>
    
      <testcase assertions="1" classname="pf.validate: pf.validate.isRequired:" name="should pass for required field" time="0.001">
        
          <failure>ReferenceError: Can't find variable: pf in file:///Users/richquick/code/prefab/app/assets/javascripts/_prefab/specs/validate_spec.js (line 39)</failure>
        
      </testcase>
    
      <testcase assertions="1" classname="pf.validate: pf.validate.isRequired:" name="should fail for a non-required field" time="0.001">
        
          <failure>ReferenceError: Can't find variable: pf in file:///Users/richquick/code/prefab/app/assets/javascripts/_prefab/specs/validate_spec.js (line 42)</failure>
        
      </testcase>
    
  </testsuite>

</testsuites>